{"D:\\React\\JezykiProgramowaniaUM\\TravelSnap_PL_Z\\app\\index.tsx": {"path":"D:\\React\\JezykiProgramowaniaUM\\TravelSnap_PL_Z\\app\\index.tsx","statementMap":{"0":{"start":{"line":6,"column":4},"end":{"line":24,"column":6}},"1":{"start":{"line":15,"column":16},"end":{"line":21,"column":18}},"2":{"start":{"line":27,"column":15},"end":{"line":53,"column":2}}},"fnMap":{"0":{"name":"HomeScreen","decl":{"start":{"line":5,"column":24},"end":{"line":5,"column":34}},"loc":{"start":{"line":5,"column":37},"end":{"line":25,"column":1}},"line":5},"1":{"name":"(anonymous_1)","decl":{"start":{"line":14,"column":23},"end":{"line":14,"column":24}},"loc":{"start":{"line":15,"column":16},"end":{"line":21,"column":18}},"line":15}},"branchMap":{},"s":{"0":1,"1":4,"2":1},"f":{"0":1,"1":4},"b":{},"_coverageSchema":"1a1c01bbd47fc00a2c39e90264f33305004495a9","hash":"9419b3ff8ce1ab506240cca8f7fc2b6a03b41584"}
,"D:\\React\\JezykiProgramowaniaUM\\TravelSnap_PL_Z\\components\\RatingStars.tsx": {"path":"D:\\React\\JezykiProgramowaniaUM\\TravelSnap_PL_Z\\components\\RatingStars.tsx","statementMap":{"0":{"start":{"line":8,"column":4},"end":{"line":8,"column":56}},"1":{"start":{"line":12,"column":23},"end":{"line":12,"column":42}},"2":{"start":{"line":13,"column":24},"end":{"line":13,"column":46}},"3":{"start":{"line":14,"column":23},"end":{"line":14,"column":49}},"4":{"start":{"line":16,"column":4},"end":{"line":16,"column":51}}},"fnMap":{"0":{"name":"clampRating","decl":{"start":{"line":7,"column":9},"end":{"line":7,"column":20}},"loc":{"start":{"line":7,"column":45},"end":{"line":9,"column":1}},"line":7},"1":{"name":"RatingStars","decl":{"start":{"line":11,"column":9},"end":{"line":11,"column":20}},"loc":{"start":{"line":11,"column":51},"end":{"line":17,"column":1}},"line":11}},"branchMap":{},"s":{"0":4,"1":4,"2":4,"3":4,"4":4},"f":{"0":4,"1":4},"b":{},"_coverageSchema":"1a1c01bbd47fc00a2c39e90264f33305004495a9","hash":"b5a5428943561a187dfae8f560456bc1f00b487f"}
,"D:\\React\\JezykiProgramowaniaUM\\TravelSnap_PL_Z\\components\\TripCard.tsx": {"path":"D:\\React\\JezykiProgramowaniaUM\\TravelSnap_PL_Z\\components\\TripCard.tsx","statementMap":{"0":{"start":{"line":12,"column":4},"end":{"line":19,"column":6}},"1":{"start":{"line":22,"column":15},"end":{"line":49,"column":2}}},"fnMap":{"0":{"name":"TripCard","decl":{"start":{"line":11,"column":9},"end":{"line":11,"column":17}},"loc":{"start":{"line":11,"column":71},"end":{"line":20,"column":1}},"line":11}},"branchMap":{},"s":{"0":2,"1":1},"f":{"0":2},"b":{},"_coverageSchema":"1a1c01bbd47fc00a2c39e90264f33305004495a9","hash":"837460f1472a3958be050c88ffd4919d996f262d"}
,"D:\\React\\JezykiProgramowaniaUM\\TravelSnap_PL_Z\\data\\trips.ts": {"path":"D:\\React\\JezykiProgramowaniaUM\\TravelSnap_PL_Z\\data\\trips.ts","statementMap":{"0":{"start":{"line":3,"column":29},"end":{"line":32,"column":1}}},"fnMap":{},"branchMap":{},"s":{"0":1},"f":{},"b":{},"_coverageSchema":"1a1c01bbd47fc00a2c39e90264f33305004495a9","hash":"6d166d06557620d5ea65aba825e1b92306070d90"}
}
