TN:
SF:app\index.tsx
FN:5,HomeScreen
FN:14,(anonymous_1)
FNF:2
FNH:2
FNDA:1,HomeScreen
FNDA:4,(anonymous_1)
DA:6,1
DA:15,4
DA:27,1
LF:3
LH:3
BRF:0
BRH:0
end_of_record
TN:
SF:components\RatingStars.tsx
FN:7,clampRating
FN:11,RatingStars
FNF:2
FNH:2
FNDA:4,clampRating
FNDA:4,RatingStars
DA:8,4
DA:12,4
DA:13,4
DA:14,4
DA:16,4
LF:5
LH:5
BRF:0
BRH:0
end_of_record
TN:
SF:components\TripCard.tsx
FN:11,TripCard
FNF:1
FNH:1
FNDA:2,TripCard
DA:12,2
DA:22,1
LF:2
LH:2
BRF:0
BRH:0
end_of_record
TN:
SF:data\trips.ts
FNF:0
FNH:0
DA:3,1
LF:1
LH:1
BRF:0
BRH:0
end_of_record
